CRITICAL - 2022-07-21 20:31:34 --> Undefined variable: modules
#0 /Users/mac/Work/Web/new-intranet/app/Views/partials/sidebar.php(12): CodeIgniter\Debug\Exceptions->errorHandler(8, 'Undefined varia...', '/Users/mac/Work...', 12, Array)
#1 /Users/mac/Work/Web/new-intranet/vendor/codeigniter4/framework/system/View/View.php(210): include('/Users/mac/Work...')
#2 /Users/mac/Work/Web/new-intranet/vendor/codeigniter4/framework/system/View/View.php(213): CodeIgniter\View\View->CodeIgniter\View\{closure}()
#3 /Users/mac/Work/Web/new-intranet/vendor/codeigniter4/framework/system/View/View.php(424): CodeIgniter\View\View->render('partials/sideba...', NULL, true)
#4 /Users/mac/Work/Web/new-intranet/app/Views/partials/menu.php(3): CodeIgniter\View\View->include('partials/sideba...')
#5 /Users/mac/Work/Web/new-intranet/vendor/codeigniter4/framework/system/View/View.php(210): include('/Users/mac/Work...')
#6 /Users/mac/Work/Web/new-intranet/vendor/codeigniter4/framework/system/View/View.php(213): CodeIgniter\View\View->CodeIgniter\View\{closure}()
#7 /Users/mac/Work/Web/new-intranet/vendor/codeigniter4/framework/system/View/View.php(424): CodeIgniter\View\View->render('partials/menu', NULL, true)
#8 /Users/mac/Work/Web/new-intranet/app/Views/apps-contacts-profile.php(19): CodeIgniter\View\View->include('partials/menu')
#9 /Users/mac/Work/Web/new-intranet/vendor/codeigniter4/framework/system/View/View.php(210): include('/Users/mac/Work...')
#10 /Users/mac/Work/Web/new-intranet/vendor/codeigniter4/framework/system/View/View.php(213): CodeIgniter\View\View->CodeIgniter\View\{closure}()
#11 /Users/mac/Work/Web/new-intranet/vendor/codeigniter4/framework/system/Common.php(1089): CodeIgniter\View\View->render('apps-contacts-p...', Array, true)
#12 /Users/mac/Work/Web/new-intranet/app/Controllers/Home.php(220): view('apps-contacts-p...', Array)
#13 /Users/mac/Work/Web/new-intranet/vendor/codeigniter4/framework/system/CodeIgniter.php(832): App\Controllers\Home->show_contacts_profile()
#14 /Users/mac/Work/Web/new-intranet/vendor/codeigniter4/framework/system/CodeIgniter.php(419): CodeIgniter\CodeIgniter->runController(Object(App\Controllers\Home))
#15 /Users/mac/Work/Web/new-intranet/vendor/codeigniter4/framework/system/CodeIgniter.php(326): CodeIgniter\CodeIgniter->handleRequest(NULL, Object(Config\Cache), false)
#16 /Users/mac/Work/Web/new-intranet/public/index.php(37): CodeIgniter\CodeIgniter->run()
#17 /Users/mac/Work/Web/new-intranet/vendor/codeigniter4/framework/system/Commands/Server/rewrite.php(43): require_once('/Users/mac/Work...')
#18 {main}
CRITICAL - 2022-07-21 21:11:10 --> Undefined variable: nama
#0 /Users/mac/Work/Web/new-intranet/app/Views/meeting-room/schedule.php(39): CodeIgniter\Debug\Exceptions->errorHandler(8, 'Undefined varia...', '/Users/mac/Work...', 39, Array)
#1 /Users/mac/Work/Web/new-intranet/vendor/codeigniter4/framework/system/View/View.php(210): include('/Users/mac/Work...')
#2 /Users/mac/Work/Web/new-intranet/vendor/codeigniter4/framework/system/View/View.php(213): CodeIgniter\View\View->CodeIgniter\View\{closure}()
#3 /Users/mac/Work/Web/new-intranet/vendor/codeigniter4/framework/system/Common.php(1089): CodeIgniter\View\View->render('meeting-room/sc...', Array, true)
#4 /Users/mac/Work/Web/new-intranet/app/Controllers/Meeting/MeetingSchedule.php(21): view('meeting-room/sc...', Array)
#5 /Users/mac/Work/Web/new-intranet/vendor/codeigniter4/framework/system/CodeIgniter.php(832): App\Controllers\Meeting\MeetingSchedule->index()
#6 /Users/mac/Work/Web/new-intranet/vendor/codeigniter4/framework/system/CodeIgniter.php(419): CodeIgniter\CodeIgniter->runController(Object(App\Controllers\Meeting\MeetingSchedule))
#7 /Users/mac/Work/Web/new-intranet/vendor/codeigniter4/framework/system/CodeIgniter.php(326): CodeIgniter\CodeIgniter->handleRequest(NULL, Object(Config\Cache), false)
#8 /Users/mac/Work/Web/new-intranet/public/index.php(37): CodeIgniter\CodeIgniter->run()
#9 /Users/mac/Work/Web/new-intranet/vendor/codeigniter4/framework/system/Commands/Server/rewrite.php(43): require_once('/Users/mac/Work...')
#10 {main}
CRITICAL - 2022-07-21 21:16:03 --> Undefined variable: nama
#0 /Users/mac/Work/Web/new-intranet/app/Views/meeting-room/schedule.php(39): CodeIgniter\Debug\Exceptions->errorHandler(8, 'Undefined varia...', '/Users/mac/Work...', 39, Array)
#1 /Users/mac/Work/Web/new-intranet/vendor/codeigniter4/framework/system/View/View.php(210): include('/Users/mac/Work...')
#2 /Users/mac/Work/Web/new-intranet/vendor/codeigniter4/framework/system/View/View.php(213): CodeIgniter\View\View->CodeIgniter\View\{closure}()
#3 /Users/mac/Work/Web/new-intranet/vendor/codeigniter4/framework/system/Common.php(1089): CodeIgniter\View\View->render('meeting-room/sc...', Array, true)
#4 /Users/mac/Work/Web/new-intranet/app/Controllers/Meeting/MeetingSchedule.php(21): view('meeting-room/sc...', Array)
#5 /Users/mac/Work/Web/new-intranet/vendor/codeigniter4/framework/system/CodeIgniter.php(832): App\Controllers\Meeting\MeetingSchedule->index()
#6 /Users/mac/Work/Web/new-intranet/vendor/codeigniter4/framework/system/CodeIgniter.php(419): CodeIgniter\CodeIgniter->runController(Object(App\Controllers\Meeting\MeetingSchedule))
#7 /Users/mac/Work/Web/new-intranet/vendor/codeigniter4/framework/system/CodeIgniter.php(326): CodeIgniter\CodeIgniter->handleRequest(NULL, Object(Config\Cache), false)
#8 /Users/mac/Work/Web/new-intranet/public/index.php(37): CodeIgniter\CodeIgniter->run()
#9 /Users/mac/Work/Web/new-intranet/vendor/codeigniter4/framework/system/Commands/Server/rewrite.php(43): require_once('/Users/mac/Work...')
#10 {main}
CRITICAL - 2022-07-21 21:16:06 --> Invalid file: meeting-room/list_schedule.php
#0 /Users/mac/Work/Web/new-intranet/vendor/codeigniter4/framework/system/View/View.php(198): CodeIgniter\Exceptions\FrameworkException::forInvalidFile('meeting-room/li...')
#1 /Users/mac/Work/Web/new-intranet/vendor/codeigniter4/framework/system/Common.php(1089): CodeIgniter\View\View->render('meeting-room/li...', Array, true)
#2 /Users/mac/Work/Web/new-intranet/app/Controllers/Meeting/MeetingSchedule.php(21): view('meeting-room/li...', Array)
#3 /Users/mac/Work/Web/new-intranet/vendor/codeigniter4/framework/system/CodeIgniter.php(832): App\Controllers\Meeting\MeetingSchedule->index()
#4 /Users/mac/Work/Web/new-intranet/vendor/codeigniter4/framework/system/CodeIgniter.php(419): CodeIgniter\CodeIgniter->runController(Object(App\Controllers\Meeting\MeetingSchedule))
#5 /Users/mac/Work/Web/new-intranet/vendor/codeigniter4/framework/system/CodeIgniter.php(326): CodeIgniter\CodeIgniter->handleRequest(NULL, Object(Config\Cache), false)
#6 /Users/mac/Work/Web/new-intranet/public/index.php(37): CodeIgniter\CodeIgniter->run()
#7 /Users/mac/Work/Web/new-intranet/vendor/codeigniter4/framework/system/Commands/Server/rewrite.php(43): require_once('/Users/mac/Work...')
#8 {main}
CRITICAL - 2022-07-21 21:34:37 --> Undefined variable: row
#0 /Users/mac/Work/Web/new-intranet/app/Views/meeting-room/list-schedule.php(106): CodeIgniter\Debug\Exceptions->errorHandler(8, 'Undefined varia...', '/Users/mac/Work...', 106, Array)
#1 /Users/mac/Work/Web/new-intranet/vendor/codeigniter4/framework/system/View/View.php(210): include('/Users/mac/Work...')
#2 /Users/mac/Work/Web/new-intranet/vendor/codeigniter4/framework/system/View/View.php(213): CodeIgniter\View\View->CodeIgniter\View\{closure}()
#3 /Users/mac/Work/Web/new-intranet/vendor/codeigniter4/framework/system/Common.php(1089): CodeIgniter\View\View->render('meeting-room/li...', Array, true)
#4 /Users/mac/Work/Web/new-intranet/app/Controllers/Meeting/MeetingSchedule.php(21): view('meeting-room/li...', Array)
#5 /Users/mac/Work/Web/new-intranet/vendor/codeigniter4/framework/system/CodeIgniter.php(832): App\Controllers\Meeting\MeetingSchedule->index()
#6 /Users/mac/Work/Web/new-intranet/vendor/codeigniter4/framework/system/CodeIgniter.php(419): CodeIgniter\CodeIgniter->runController(Object(App\Controllers\Meeting\MeetingSchedule))
#7 /Users/mac/Work/Web/new-intranet/vendor/codeigniter4/framework/system/CodeIgniter.php(326): CodeIgniter\CodeIgniter->handleRequest(NULL, Object(Config\Cache), false)
#8 /Users/mac/Work/Web/new-intranet/public/index.php(37): CodeIgniter\CodeIgniter->run()
#9 /Users/mac/Work/Web/new-intranet/vendor/codeigniter4/framework/system/Commands/Server/rewrite.php(43): require_once('/Users/mac/Work...')
#10 {main}
CRITICAL - 2022-07-21 21:35:11 --> syntax error, unexpected '?>'
#0 /Users/mac/Work/Web/new-intranet/vendor/codeigniter4/framework/system/View/View.php(213): CodeIgniter\View\View->CodeIgniter\View\{closure}()
#1 /Users/mac/Work/Web/new-intranet/vendor/codeigniter4/framework/system/Common.php(1089): CodeIgniter\View\View->render('meeting-room/li...', Array, true)
#2 /Users/mac/Work/Web/new-intranet/app/Controllers/Meeting/MeetingSchedule.php(21): view('meeting-room/li...', Array)
#3 /Users/mac/Work/Web/new-intranet/vendor/codeigniter4/framework/system/CodeIgniter.php(832): App\Controllers\Meeting\MeetingSchedule->index()
#4 /Users/mac/Work/Web/new-intranet/vendor/codeigniter4/framework/system/CodeIgniter.php(419): CodeIgniter\CodeIgniter->runController(Object(App\Controllers\Meeting\MeetingSchedule))
#5 /Users/mac/Work/Web/new-intranet/vendor/codeigniter4/framework/system/CodeIgniter.php(326): CodeIgniter\CodeIgniter->handleRequest(NULL, Object(Config\Cache), false)
#6 /Users/mac/Work/Web/new-intranet/public/index.php(37): CodeIgniter\CodeIgniter->run()
#7 /Users/mac/Work/Web/new-intranet/vendor/codeigniter4/framework/system/Commands/Server/rewrite.php(43): require_once('/Users/mac/Work...')
#8 {main}
CRITICAL - 2022-07-21 21:35:18 --> Undefined variable: row
#0 /Users/mac/Work/Web/new-intranet/app/Views/meeting-room/list-schedule.php(108): CodeIgniter\Debug\Exceptions->errorHandler(8, 'Undefined varia...', '/Users/mac/Work...', 108, Array)
#1 /Users/mac/Work/Web/new-intranet/vendor/codeigniter4/framework/system/View/View.php(210): include('/Users/mac/Work...')
#2 /Users/mac/Work/Web/new-intranet/vendor/codeigniter4/framework/system/View/View.php(213): CodeIgniter\View\View->CodeIgniter\View\{closure}()
#3 /Users/mac/Work/Web/new-intranet/vendor/codeigniter4/framework/system/Common.php(1089): CodeIgniter\View\View->render('meeting-room/li...', Array, true)
#4 /Users/mac/Work/Web/new-intranet/app/Controllers/Meeting/MeetingSchedule.php(21): view('meeting-room/li...', Array)
#5 /Users/mac/Work/Web/new-intranet/vendor/codeigniter4/framework/system/CodeIgniter.php(832): App\Controllers\Meeting\MeetingSchedule->index()
#6 /Users/mac/Work/Web/new-intranet/vendor/codeigniter4/framework/system/CodeIgniter.php(419): CodeIgniter\CodeIgniter->runController(Object(App\Controllers\Meeting\MeetingSchedule))
#7 /Users/mac/Work/Web/new-intranet/vendor/codeigniter4/framework/system/CodeIgniter.php(326): CodeIgniter\CodeIgniter->handleRequest(NULL, Object(Config\Cache), false)
#8 /Users/mac/Work/Web/new-intranet/public/index.php(37): CodeIgniter\CodeIgniter->run()
#9 /Users/mac/Work/Web/new-intranet/vendor/codeigniter4/framework/system/Commands/Server/rewrite.php(43): require_once('/Users/mac/Work...')
#10 {main}
