CRITICAL - 2022-09-18 23:36:51 --> Trying to get property 'user_image' of non-object
#0 /Users/mac/Work/Web/new-intranet/app/Views/partials/topbar.php(243): CodeIgniter\Debug\Exceptions->errorHandler(8, 'Trying to get p...', '/Users/mac/Work...', 243, Array)
#1 /Users/mac/Work/Web/new-intranet/vendor/codeigniter4/framework/system/View/View.php(210): include('/Users/mac/Work...')
#2 /Users/mac/Work/Web/new-intranet/vendor/codeigniter4/framework/system/View/View.php(213): CodeIgniter\View\View->CodeIgniter\View\{closure}()
#3 /Users/mac/Work/Web/new-intranet/vendor/codeigniter4/framework/system/View/View.php(424): CodeIgniter\View\View->render('partials/topbar', NULL, true)
#4 /Users/mac/Work/Web/new-intranet/app/Views/partials/menu.php(1): CodeIgniter\View\View->include('partials/topbar')
#5 /Users/mac/Work/Web/new-intranet/vendor/codeigniter4/framework/system/View/View.php(210): include('/Users/mac/Work...')
#6 /Users/mac/Work/Web/new-intranet/vendor/codeigniter4/framework/system/View/View.php(213): CodeIgniter\View\View->CodeIgniter\View\{closure}()
#7 /Users/mac/Work/Web/new-intranet/vendor/codeigniter4/framework/system/View/View.php(424): CodeIgniter\View\View->render('partials/menu', NULL, true)
#8 /Users/mac/Work/Web/new-intranet/app/Views/index.php(17): CodeIgniter\View\View->include('partials/menu')
#9 /Users/mac/Work/Web/new-intranet/vendor/codeigniter4/framework/system/View/View.php(210): include('/Users/mac/Work...')
#10 /Users/mac/Work/Web/new-intranet/vendor/codeigniter4/framework/system/View/View.php(213): CodeIgniter\View\View->CodeIgniter\View\{closure}()
#11 /Users/mac/Work/Web/new-intranet/vendor/codeigniter4/framework/system/Common.php(1089): CodeIgniter\View\View->render('index', Array, true)
#12 /Users/mac/Work/Web/new-intranet/app/Controllers/Home.php(48): view('index', Array)
#13 /Users/mac/Work/Web/new-intranet/vendor/codeigniter4/framework/system/CodeIgniter.php(832): App\Controllers\Home->index()
#14 /Users/mac/Work/Web/new-intranet/vendor/codeigniter4/framework/system/CodeIgniter.php(419): CodeIgniter\CodeIgniter->runController(Object(App\Controllers\Home))
#15 /Users/mac/Work/Web/new-intranet/vendor/codeigniter4/framework/system/CodeIgniter.php(326): CodeIgniter\CodeIgniter->handleRequest(NULL, Object(Config\Cache), false)
#16 /Users/mac/Work/Web/new-intranet/public/index.php(37): CodeIgniter\CodeIgniter->run()
#17 /Users/mac/Work/Web/new-intranet/vendor/codeigniter4/framework/system/Commands/Server/rewrite.php(43): require_once('/Users/mac/Work...')
#18 {main}
CRITICAL - 2022-09-18 23:37:02 --> Trying to get property 'user_image' of non-object
#0 /Users/mac/Work/Web/new-intranet/app/Views/partials/topbar.php(243): CodeIgniter\Debug\Exceptions->errorHandler(8, 'Trying to get p...', '/Users/mac/Work...', 243, Array)
#1 /Users/mac/Work/Web/new-intranet/vendor/codeigniter4/framework/system/View/View.php(210): include('/Users/mac/Work...')
#2 /Users/mac/Work/Web/new-intranet/vendor/codeigniter4/framework/system/View/View.php(213): CodeIgniter\View\View->CodeIgniter\View\{closure}()
#3 /Users/mac/Work/Web/new-intranet/vendor/codeigniter4/framework/system/View/View.php(424): CodeIgniter\View\View->render('partials/topbar', NULL, true)
#4 /Users/mac/Work/Web/new-intranet/app/Views/partials/menu.php(1): CodeIgniter\View\View->include('partials/topbar')
#5 /Users/mac/Work/Web/new-intranet/vendor/codeigniter4/framework/system/View/View.php(210): include('/Users/mac/Work...')
#6 /Users/mac/Work/Web/new-intranet/vendor/codeigniter4/framework/system/View/View.php(213): CodeIgniter\View\View->CodeIgniter\View\{closure}()
#7 /Users/mac/Work/Web/new-intranet/vendor/codeigniter4/framework/system/View/View.php(424): CodeIgniter\View\View->render('partials/menu', NULL, true)
#8 /Users/mac/Work/Web/new-intranet/app/Views/meeting-room/booking.php(24): CodeIgniter\View\View->include('partials/menu')
#9 /Users/mac/Work/Web/new-intranet/vendor/codeigniter4/framework/system/View/View.php(210): include('/Users/mac/Work...')
#10 /Users/mac/Work/Web/new-intranet/vendor/codeigniter4/framework/system/View/View.php(213): CodeIgniter\View\View->CodeIgniter\View\{closure}()
#11 /Users/mac/Work/Web/new-intranet/vendor/codeigniter4/framework/system/Common.php(1089): CodeIgniter\View\View->render('meeting-room/bo...', Array, true)
#12 /Users/mac/Work/Web/new-intranet/app/Controllers/Meeting/MeetingSchedule.php(66): view('meeting-room/bo...', Array)
#13 /Users/mac/Work/Web/new-intranet/vendor/codeigniter4/framework/system/CodeIgniter.php(832): App\Controllers\Meeting\MeetingSchedule->booking()
#14 /Users/mac/Work/Web/new-intranet/vendor/codeigniter4/framework/system/CodeIgniter.php(419): CodeIgniter\CodeIgniter->runController(Object(App\Controllers\Meeting\MeetingSchedule))
#15 /Users/mac/Work/Web/new-intranet/vendor/codeigniter4/framework/system/CodeIgniter.php(326): CodeIgniter\CodeIgniter->handleRequest(NULL, Object(Config\Cache), false)
#16 /Users/mac/Work/Web/new-intranet/public/index.php(37): CodeIgniter\CodeIgniter->run()
#17 /Users/mac/Work/Web/new-intranet/vendor/codeigniter4/framework/system/Commands/Server/rewrite.php(43): require_once('/Users/mac/Work...')
#18 {main}
CRITICAL - 2022-09-18 23:37:17 --> Trying to get property 'user_image' of non-object
#0 /Users/mac/Work/Web/new-intranet/app/Views/partials/topbar.php(243): CodeIgniter\Debug\Exceptions->errorHandler(8, 'Trying to get p...', '/Users/mac/Work...', 243, Array)
#1 /Users/mac/Work/Web/new-intranet/vendor/codeigniter4/framework/system/View/View.php(210): include('/Users/mac/Work...')
#2 /Users/mac/Work/Web/new-intranet/vendor/codeigniter4/framework/system/View/View.php(213): CodeIgniter\View\View->CodeIgniter\View\{closure}()
#3 /Users/mac/Work/Web/new-intranet/vendor/codeigniter4/framework/system/View/View.php(424): CodeIgniter\View\View->render('partials/topbar', NULL, true)
#4 /Users/mac/Work/Web/new-intranet/app/Views/partials/menu.php(1): CodeIgniter\View\View->include('partials/topbar')
#5 /Users/mac/Work/Web/new-intranet/vendor/codeigniter4/framework/system/View/View.php(210): include('/Users/mac/Work...')
#6 /Users/mac/Work/Web/new-intranet/vendor/codeigniter4/framework/system/View/View.php(213): CodeIgniter\View\View->CodeIgniter\View\{closure}()
#7 /Users/mac/Work/Web/new-intranet/vendor/codeigniter4/framework/system/View/View.php(424): CodeIgniter\View\View->render('partials/menu', NULL, true)
#8 /Users/mac/Work/Web/new-intranet/app/Views/meeting-room/list-room.php(25): CodeIgniter\View\View->include('partials/menu')
#9 /Users/mac/Work/Web/new-intranet/vendor/codeigniter4/framework/system/View/View.php(210): include('/Users/mac/Work...')
#10 /Users/mac/Work/Web/new-intranet/vendor/codeigniter4/framework/system/View/View.php(213): CodeIgniter\View\View->CodeIgniter\View\{closure}()
#11 /Users/mac/Work/Web/new-intranet/vendor/codeigniter4/framework/system/Common.php(1089): CodeIgniter\View\View->render('meeting-room/li...', Array, true)
#12 /Users/mac/Work/Web/new-intranet/app/Controllers/Meeting/MeetingRoom.php(28): view('meeting-room/li...', Array)
#13 /Users/mac/Work/Web/new-intranet/vendor/codeigniter4/framework/system/CodeIgniter.php(832): App\Controllers\Meeting\MeetingRoom->index()
#14 /Users/mac/Work/Web/new-intranet/vendor/codeigniter4/framework/system/CodeIgniter.php(419): CodeIgniter\CodeIgniter->runController(Object(App\Controllers\Meeting\MeetingRoom))
#15 /Users/mac/Work/Web/new-intranet/vendor/codeigniter4/framework/system/CodeIgniter.php(326): CodeIgniter\CodeIgniter->handleRequest(NULL, Object(Config\Cache), false)
#16 /Users/mac/Work/Web/new-intranet/public/index.php(37): CodeIgniter\CodeIgniter->run()
#17 /Users/mac/Work/Web/new-intranet/vendor/codeigniter4/framework/system/Commands/Server/rewrite.php(43): require_once('/Users/mac/Work...')
#18 {main}
CRITICAL - 2022-09-18 23:39:36 --> Trying to get property 'user_image' of non-object
#0 /Users/mac/Work/Web/new-intranet/app/Views/partials/topbar.php(243): CodeIgniter\Debug\Exceptions->errorHandler(8, 'Trying to get p...', '/Users/mac/Work...', 243, Array)
#1 /Users/mac/Work/Web/new-intranet/vendor/codeigniter4/framework/system/View/View.php(210): include('/Users/mac/Work...')
#2 /Users/mac/Work/Web/new-intranet/vendor/codeigniter4/framework/system/View/View.php(213): CodeIgniter\View\View->CodeIgniter\View\{closure}()
#3 /Users/mac/Work/Web/new-intranet/vendor/codeigniter4/framework/system/View/View.php(424): CodeIgniter\View\View->render('partials/topbar', NULL, true)
#4 /Users/mac/Work/Web/new-intranet/app/Views/partials/menu.php(1): CodeIgniter\View\View->include('partials/topbar')
#5 /Users/mac/Work/Web/new-intranet/vendor/codeigniter4/framework/system/View/View.php(210): include('/Users/mac/Work...')
#6 /Users/mac/Work/Web/new-intranet/vendor/codeigniter4/framework/system/View/View.php(213): CodeIgniter\View\View->CodeIgniter\View\{closure}()
#7 /Users/mac/Work/Web/new-intranet/vendor/codeigniter4/framework/system/View/View.php(424): CodeIgniter\View\View->render('partials/menu', NULL, true)
#8 /Users/mac/Work/Web/new-intranet/app/Views/meeting-room/list-room.php(25): CodeIgniter\View\View->include('partials/menu')
#9 /Users/mac/Work/Web/new-intranet/vendor/codeigniter4/framework/system/View/View.php(210): include('/Users/mac/Work...')
#10 /Users/mac/Work/Web/new-intranet/vendor/codeigniter4/framework/system/View/View.php(213): CodeIgniter\View\View->CodeIgniter\View\{closure}()
#11 /Users/mac/Work/Web/new-intranet/vendor/codeigniter4/framework/system/Common.php(1089): CodeIgniter\View\View->render('meeting-room/li...', Array, true)
#12 /Users/mac/Work/Web/new-intranet/app/Controllers/Meeting/MeetingRoom.php(28): view('meeting-room/li...', Array)
#13 /Users/mac/Work/Web/new-intranet/vendor/codeigniter4/framework/system/CodeIgniter.php(832): App\Controllers\Meeting\MeetingRoom->index()
#14 /Users/mac/Work/Web/new-intranet/vendor/codeigniter4/framework/system/CodeIgniter.php(419): CodeIgniter\CodeIgniter->runController(Object(App\Controllers\Meeting\MeetingRoom))
#15 /Users/mac/Work/Web/new-intranet/vendor/codeigniter4/framework/system/CodeIgniter.php(326): CodeIgniter\CodeIgniter->handleRequest(NULL, Object(Config\Cache), false)
#16 /Users/mac/Work/Web/new-intranet/public/index.php(37): CodeIgniter\CodeIgniter->run()
#17 /Users/mac/Work/Web/new-intranet/vendor/codeigniter4/framework/system/Commands/Server/rewrite.php(43): require_once('/Users/mac/Work...')
#18 {main}
CRITICAL - 2022-09-18 23:40:28 --> Trying to get property 'user_image' of non-object
#0 /Users/mac/Work/Web/new-intranet/app/Views/partials/topbar.php(243): CodeIgniter\Debug\Exceptions->errorHandler(8, 'Trying to get p...', '/Users/mac/Work...', 243, Array)
#1 /Users/mac/Work/Web/new-intranet/vendor/codeigniter4/framework/system/View/View.php(210): include('/Users/mac/Work...')
#2 /Users/mac/Work/Web/new-intranet/vendor/codeigniter4/framework/system/View/View.php(213): CodeIgniter\View\View->CodeIgniter\View\{closure}()
#3 /Users/mac/Work/Web/new-intranet/vendor/codeigniter4/framework/system/View/View.php(424): CodeIgniter\View\View->render('partials/topbar', NULL, true)
#4 /Users/mac/Work/Web/new-intranet/app/Views/partials/menu.php(1): CodeIgniter\View\View->include('partials/topbar')
#5 /Users/mac/Work/Web/new-intranet/vendor/codeigniter4/framework/system/View/View.php(210): include('/Users/mac/Work...')
#6 /Users/mac/Work/Web/new-intranet/vendor/codeigniter4/framework/system/View/View.php(213): CodeIgniter\View\View->CodeIgniter\View\{closure}()
#7 /Users/mac/Work/Web/new-intranet/vendor/codeigniter4/framework/system/View/View.php(424): CodeIgniter\View\View->render('partials/menu', NULL, true)
#8 /Users/mac/Work/Web/new-intranet/app/Views/meeting-room/list-room.php(25): CodeIgniter\View\View->include('partials/menu')
#9 /Users/mac/Work/Web/new-intranet/vendor/codeigniter4/framework/system/View/View.php(210): include('/Users/mac/Work...')
#10 /Users/mac/Work/Web/new-intranet/vendor/codeigniter4/framework/system/View/View.php(213): CodeIgniter\View\View->CodeIgniter\View\{closure}()
#11 /Users/mac/Work/Web/new-intranet/vendor/codeigniter4/framework/system/Common.php(1089): CodeIgniter\View\View->render('meeting-room/li...', Array, true)
#12 /Users/mac/Work/Web/new-intranet/app/Controllers/Meeting/MeetingRoom.php(28): view('meeting-room/li...', Array)
#13 /Users/mac/Work/Web/new-intranet/vendor/codeigniter4/framework/system/CodeIgniter.php(832): App\Controllers\Meeting\MeetingRoom->index()
#14 /Users/mac/Work/Web/new-intranet/vendor/codeigniter4/framework/system/CodeIgniter.php(419): CodeIgniter\CodeIgniter->runController(Object(App\Controllers\Meeting\MeetingRoom))
#15 /Users/mac/Work/Web/new-intranet/vendor/codeigniter4/framework/system/CodeIgniter.php(326): CodeIgniter\CodeIgniter->handleRequest(NULL, Object(Config\Cache), false)
#16 /Users/mac/Work/Web/new-intranet/public/index.php(37): CodeIgniter\CodeIgniter->run()
#17 /Users/mac/Work/Web/new-intranet/vendor/codeigniter4/framework/system/Commands/Server/rewrite.php(43): require_once('/Users/mac/Work...')
#18 {main}
