CRITICAL - 2022-07-01 01:43:17 --> syntax error, unexpected '$menu' (T_VARIABLE), expecting ')'
#0 /Users/mac/Work/Web/new-intranet/vendor/codeigniter4/framework/system/View/View.php(213): CodeIgniter\View\View->CodeIgniter\View\{closure}()
#1 /Users/mac/Work/Web/new-intranet/vendor/codeigniter4/framework/system/View/View.php(424): CodeIgniter\View\View->render('partials/sideba...', NULL, true)
#2 /Users/mac/Work/Web/new-intranet/app/Views/partials/menu.php(3): CodeIgniter\View\View->include('partials/sideba...')
#3 /Users/mac/Work/Web/new-intranet/vendor/codeigniter4/framework/system/View/View.php(210): include('/Users/mac/Work...')
#4 /Users/mac/Work/Web/new-intranet/vendor/codeigniter4/framework/system/View/View.php(213): CodeIgniter\View\View->CodeIgniter\View\{closure}()
#5 /Users/mac/Work/Web/new-intranet/vendor/codeigniter4/framework/system/View/View.php(424): CodeIgniter\View\View->render('partials/menu', NULL, true)
#6 /Users/mac/Work/Web/new-intranet/app/Views/master/grupdivisi.php(27): CodeIgniter\View\View->include('partials/menu')
#7 /Users/mac/Work/Web/new-intranet/vendor/codeigniter4/framework/system/View/View.php(210): include('/Users/mac/Work...')
#8 /Users/mac/Work/Web/new-intranet/vendor/codeigniter4/framework/system/View/View.php(213): CodeIgniter\View\View->CodeIgniter\View\{closure}()
#9 /Users/mac/Work/Web/new-intranet/vendor/codeigniter4/framework/system/Common.php(1089): CodeIgniter\View\View->render('master/grupdivi...', Array, true)
#10 /Users/mac/Work/Web/new-intranet/app/Controllers/Grupdivisi.php(30): view('master/grupdivi...', Array)
#11 /Users/mac/Work/Web/new-intranet/vendor/codeigniter4/framework/system/CodeIgniter.php(832): App\Controllers\Grupdivisi->index()
#12 /Users/mac/Work/Web/new-intranet/vendor/codeigniter4/framework/system/CodeIgniter.php(419): CodeIgniter\CodeIgniter->runController(Object(App\Controllers\Grupdivisi))
#13 /Users/mac/Work/Web/new-intranet/vendor/codeigniter4/framework/system/CodeIgniter.php(326): CodeIgniter\CodeIgniter->handleRequest(NULL, Object(Config\Cache), false)
#14 /Users/mac/Work/Web/new-intranet/public/index.php(37): CodeIgniter\CodeIgniter->run()
#15 /Users/mac/Work/Web/new-intranet/vendor/codeigniter4/framework/system/Commands/Server/rewrite.php(43): require_once('/Users/mac/Work...')
#16 {main}
CRITICAL - 2022-07-01 02:33:46 --> syntax error, unexpected '"group-divisi"' (T_CONSTANT_ENCAPSED_STRING), expecting ']'
#0 /Users/mac/Work/Web/new-intranet/vendor/codeigniter4/framework/system/Language/Language.php(223): CodeIgniter\Language\Language->requireFile('Language/en/Fil...')
#1 /Users/mac/Work/Web/new-intranet/vendor/codeigniter4/framework/system/Language/Language.php(164): CodeIgniter\Language\Language->load('Files', 'en')
#2 /Users/mac/Work/Web/new-intranet/vendor/codeigniter4/framework/system/Language/Language.php(99): CodeIgniter\Language\Language->parseLine('Divisi', 'en')
#3 /Users/mac/Work/Web/new-intranet/vendor/codeigniter4/framework/system/Common.php(721): CodeIgniter\Language\Language->getLine('Files.Divisi', Array)
#4 /Users/mac/Work/Web/new-intranet/app/Views/partials/title-meta.php(2): lang('Files.Divisi')
#5 /Users/mac/Work/Web/new-intranet/vendor/codeigniter4/framework/system/View/View.php(210): include('/Users/mac/Work...')
#6 /Users/mac/Work/Web/new-intranet/vendor/codeigniter4/framework/system/View/View.php(213): CodeIgniter\View\View->CodeIgniter\View\{closure}()
#7 /Users/mac/Work/Web/new-intranet/vendor/codeigniter4/framework/system/Common.php(1089): CodeIgniter\View\View->render('partials/title-...', Array, true)
#8 /Users/mac/Work/Web/new-intranet/app/Controllers/Divisi.php(22): view('partials/title-...', Array)
#9 /Users/mac/Work/Web/new-intranet/vendor/codeigniter4/framework/system/CodeIgniter.php(832): App\Controllers\Divisi->index()
#10 /Users/mac/Work/Web/new-intranet/vendor/codeigniter4/framework/system/CodeIgniter.php(419): CodeIgniter\CodeIgniter->runController(Object(App\Controllers\Divisi))
#11 /Users/mac/Work/Web/new-intranet/vendor/codeigniter4/framework/system/CodeIgniter.php(326): CodeIgniter\CodeIgniter->handleRequest(NULL, Object(Config\Cache), false)
#12 /Users/mac/Work/Web/new-intranet/public/index.php(37): CodeIgniter\CodeIgniter->run()
#13 /Users/mac/Work/Web/new-intranet/vendor/codeigniter4/framework/system/Commands/Server/rewrite.php(43): require_once('/Users/mac/Work...')
#14 {main}
CRITICAL - 2022-07-01 02:36:30 --> Call to undefined function label()
#0 /Users/mac/Work/Web/new-intranet/vendor/codeigniter4/framework/system/View/View.php(210): include()
#1 /Users/mac/Work/Web/new-intranet/vendor/codeigniter4/framework/system/View/View.php(213): CodeIgniter\View\View->CodeIgniter\View\{closure}()
#2 /Users/mac/Work/Web/new-intranet/vendor/codeigniter4/framework/system/Common.php(1089): CodeIgniter\View\View->render('master/divisi', Array, true)
#3 /Users/mac/Work/Web/new-intranet/app/Controllers/Divisi.php(28): view('master/divisi', Array)
#4 /Users/mac/Work/Web/new-intranet/vendor/codeigniter4/framework/system/CodeIgniter.php(832): App\Controllers\Divisi->index()
#5 /Users/mac/Work/Web/new-intranet/vendor/codeigniter4/framework/system/CodeIgniter.php(419): CodeIgniter\CodeIgniter->runController(Object(App\Controllers\Divisi))
#6 /Users/mac/Work/Web/new-intranet/vendor/codeigniter4/framework/system/CodeIgniter.php(326): CodeIgniter\CodeIgniter->handleRequest(NULL, Object(Config\Cache), false)
#7 /Users/mac/Work/Web/new-intranet/public/index.php(37): CodeIgniter\CodeIgniter->run()
#8 /Users/mac/Work/Web/new-intranet/vendor/codeigniter4/framework/system/Commands/Server/rewrite.php(43): require_once('/Users/mac/Work...')
#9 {main}
CRITICAL - 2022-07-01 02:38:29 --> Call to undefined function label()
#0 /Users/mac/Work/Web/new-intranet/vendor/codeigniter4/framework/system/View/View.php(210): include()
#1 /Users/mac/Work/Web/new-intranet/vendor/codeigniter4/framework/system/View/View.php(213): CodeIgniter\View\View->CodeIgniter\View\{closure}()
#2 /Users/mac/Work/Web/new-intranet/vendor/codeigniter4/framework/system/Common.php(1089): CodeIgniter\View\View->render('master/divisi', Array, true)
#3 /Users/mac/Work/Web/new-intranet/app/Controllers/Divisi.php(28): view('master/divisi', Array)
#4 /Users/mac/Work/Web/new-intranet/vendor/codeigniter4/framework/system/CodeIgniter.php(832): App\Controllers\Divisi->index()
#5 /Users/mac/Work/Web/new-intranet/vendor/codeigniter4/framework/system/CodeIgniter.php(419): CodeIgniter\CodeIgniter->runController(Object(App\Controllers\Divisi))
#6 /Users/mac/Work/Web/new-intranet/vendor/codeigniter4/framework/system/CodeIgniter.php(326): CodeIgniter\CodeIgniter->handleRequest(NULL, Object(Config\Cache), false)
#7 /Users/mac/Work/Web/new-intranet/public/index.php(37): CodeIgniter\CodeIgniter->run()
#8 /Users/mac/Work/Web/new-intranet/vendor/codeigniter4/framework/system/Commands/Server/rewrite.php(43): require_once('/Users/mac/Work...')
#9 {main}
CRITICAL - 2022-07-01 02:48:28 --> Undefined variable: group
#0 /Users/mac/Work/Web/new-intranet/app/Views/master/divisi.php(94): CodeIgniter\Debug\Exceptions->errorHandler(8, 'Undefined varia...', '/Users/mac/Work...', 94, Array)
#1 /Users/mac/Work/Web/new-intranet/vendor/codeigniter4/framework/system/View/View.php(210): include('/Users/mac/Work...')
#2 /Users/mac/Work/Web/new-intranet/vendor/codeigniter4/framework/system/View/View.php(213): CodeIgniter\View\View->CodeIgniter\View\{closure}()
#3 /Users/mac/Work/Web/new-intranet/vendor/codeigniter4/framework/system/Common.php(1089): CodeIgniter\View\View->render('master/divisi', Array, true)
#4 /Users/mac/Work/Web/new-intranet/app/Controllers/Divisi.php(29): view('master/divisi', Array)
#5 /Users/mac/Work/Web/new-intranet/vendor/codeigniter4/framework/system/CodeIgniter.php(832): App\Controllers\Divisi->index()
#6 /Users/mac/Work/Web/new-intranet/vendor/codeigniter4/framework/system/CodeIgniter.php(419): CodeIgniter\CodeIgniter->runController(Object(App\Controllers\Divisi))
#7 /Users/mac/Work/Web/new-intranet/vendor/codeigniter4/framework/system/CodeIgniter.php(326): CodeIgniter\CodeIgniter->handleRequest(NULL, Object(Config\Cache), false)
#8 /Users/mac/Work/Web/new-intranet/public/index.php(37): CodeIgniter\CodeIgniter->run()
#9 /Users/mac/Work/Web/new-intranet/vendor/codeigniter4/framework/system/Commands/Server/rewrite.php(43): require_once('/Users/mac/Work...')
#10 {main}
